# JRE version: OpenJDK Runtime Environment (11.0.6+10) (build 11.0.6+10-LTS)
# Java VM: OpenJDK 64-Bit Server VM (11.0.6+10-LTS, mixed mode, sharing, tiered, compressed oops, g1 gc, linux-amd64)
Heap:
 garbage-first heap   total 129024K, used 105579K [0x00000000e0000000, 0x0000000100000000)
  region size 1024K, 21 young (21504K), 1 survivors (1024K)
 Metaspace       used 141209K, capacity 153550K, committed 153752K, reserved 387072K
  class space    used 18121K, capacity 22158K, committed 22220K, reserved 253952K
GC Heap History (20 events):
Event: 31.436 GC heap before
{Heap before GC invocations=37 (full 0):
 garbage-first heap   total 129024K, used 109792K [0x00000000e0000000, 0x0000000100000000)
  region size 1024K, 37 young (37888K), 2 survivors (2048K)
 Metaspace       used 121751K, capacity 133469K, committed 133528K, reserved 368640K
  class space    used 15920K, capacity 19640K, committed 19660K, reserved 253952K
}
Event: 31.445 GC heap after
{Heap after GC invocations=38 (full 0):
 garbage-first heap   total 129024K, used 74190K [0x00000000e0000000, 0x0000000100000000)
  region size 1024K, 3 young (3072K), 3 survivors (3072K)
 Metaspace       used 121751K, capacity 133469K, committed 133528K, reserved 368640K
  class space    used 15920K, capacity 19640K, committed 19660K, reserved 253952K
}
Event: 31.934 GC heap before
{Heap before GC invocations=39 (full 0):
 garbage-first heap   total 129024K, used 109006K [0x00000000e0000000, 0x0000000100000000)
  region size 1024K, 37 young (37888K), 3 survivors (3072K)
 Metaspace       used 122878K, capacity 134444K, committed 134680K, reserved 370688K
  class space    used 16066K, capacity 19771K, committed 19788K, reserved 253952K
}
Event: 31.950 GC heap after
{Heap after GC invocations=40 (full 0):
 garbage-first heap   total 129024K, used 75400K [0x00000000e0000000, 0x0000000100000000)
  region size 1024K, 4 young (4096K), 4 survivors (4096K)
 Metaspace       used 122878K, capacity 134444K, committed 134680K, reserved 370688K
  class space    used 16066K, capacity 19771K, committed 19788K, reserved 253952K
}
Event: 33.944 GC heap before
{Heap before GC invocations=40 (full 0):
 garbage-first heap   total 129024K, used 110216K [0x00000000e0000000, 0x0000000100000000)
  region size 1024K, 38 young (38912K), 4 survivors (4096K)
 Metaspace       used 129965K, capacity 141745K, committed 141976K, reserved 376832K
  class space    used 16778K, capacity 20573K, committed 20684K, reserved 253952K
}
Event: 33.972 GC heap after
{Heap after GC invocations=41 (full 0):
 garbage-first heap   total 129024K, used 81729K [0x00000000e0000000, 0x0000000100000000)
  region size 1024K, 5 young (5120K), 5 survivors (5120K)
 Metaspace       used 129965K, capacity 141745K, committed 141976K, reserved 376832K
  class space    used 16778K, capacity 20573K, committed 20684K, reserved 253952K
}
Event: 34.874 GC heap before
{Heap before GC invocations=42 (full 0):
 garbage-first heap   total 129024K, used 106305K [0x00000000e0000000, 0x0000000100000000)
  region size 1024K, 30 young (30720K), 5 survivors (5120K)
 Metaspace       used 131741K, capacity 143473K, committed 143768K, reserved 376832K
  class space    used 16974K, capacity 20843K, committed 20940K, reserved 253952K
}
Event: 34.896 GC heap after
{Heap after GC invocations=43 (full 0):
 garbage-first heap   total 129024K, used 83968K [0x00000000e0000000, 0x0000000100000000)
  region size 1024K, 2 young (2048K), 2 survivors (2048K)
 Metaspace       used 131741K, capacity 143473K, committed 143768K, reserved 376832K
  class space    used 16974K, capacity 20843K, committed 20940K, reserved 253952K
}
Event: 36.556 GC heap before
{Heap before GC invocations=43 (full 0):
 garbage-first heap   total 129024K, used 107520K [0x00000000e0000000, 0x0000000100000000)
  region size 1024K, 26 young (26624K), 2 survivors (2048K)
 Metaspace       used 135408K, capacity 147592K, committed 147864K, reserved 380928K
  class space    used 17417K, capacity 21425K, committed 21452K, reserved 253952K
}
Event: 36.579 GC heap after
{Heap after GC invocations=44 (full 0):
 garbage-first heap   total 129024K, used 84908K [0x00000000e0000000, 0x0000000100000000)
  region size 1024K, 3 young (3072K), 3 survivors (3072K)
 Metaspace       used 135408K, capacity 147592K, committed 147864K, reserved 380928K
  class space    used 17417K, capacity 21425K, committed 21452K, reserved 253952K
}
Event: 49.454 GC heap before
{Heap before GC invocations=45 (full 0):
 garbage-first heap   total 129024K, used 107436K [0x00000000e0000000, 0x0000000100000000)
  region size 1024K, 26 young (26624K), 3 survivors (3072K)
 Metaspace       used 139091K, capacity 151239K, committed 151704K, reserved 385024K
  class space    used 17914K, capacity 21905K, committed 21964K, reserved 253952K
}
Event: 49.472 GC heap after
{Heap after GC invocations=46 (full 0):
 garbage-first heap   total 129024K, used 87621K [0x00000000e0000000, 0x0000000100000000)
  region size 1024K, 4 young (4096K), 4 survivors (4096K)
 Metaspace       used 139091K, capacity 151239K, committed 151704K, reserved 385024K
  class space    used 17914K, capacity 21905K, committed 21964K, reserved 253952K
}
Event: 49.482 GC heap before
{Heap before GC invocations=46 (full 0):
 garbage-first heap   total 129024K, used 89669K [0x00000000e0000000, 0x0000000100000000)
  region size 1024K, 6 young (6144K), 4 survivors (4096K)
 Metaspace       used 139091K, capacity 151239K, committed 151704K, reserved 385024K
  class space    used 17914K, capacity 21905K, committed 21964K, reserved 253952K
}
Event: 49.504 GC heap after
{Heap after GC invocations=47 (full 0):
 garbage-first heap   total 129024K, used 84634K [0x00000000e0000000, 0x0000000100000000)
  region size 1024K, 1 young (1024K), 1 survivors (1024K)
 Metaspace       used 139091K, capacity 151239K, committed 151704K, reserved 385024K
  class space    used 17914K, capacity 21905K, committed 21964K, reserved 253952K
}
Event: 166.635 GC heap before
{Heap before GC invocations=47 (full 0):
 garbage-first heap   total 129024K, used 107162K [0x00000000e0000000, 0x0000000100000000)
  region size 1024K, 23 young (23552K), 1 survivors (1024K)
 Metaspace       used 140692K, capacity 152925K, committed 153240K, reserved 385024K
  class space    used 18103K, capacity 22147K, committed 22220K, reserved 253952K
}
Event: 166.667 GC heap after
{Heap after GC invocations=48 (full 0):
 garbage-first heap   total 129024K, used 86491K [0x00000000e0000000, 0x0000000100000000)
  region size 1024K, 3 young (3072K), 3 survivors (3072K)
 Metaspace       used 140692K, capacity 152925K, committed 153240K, reserved 385024K
  class space    used 18103K, capacity 22147K, committed 22220K, reserved 253952K
}
Event: 432.058 GC heap before
{Heap before GC invocations=49 (full 0):
 garbage-first heap   total 129024K, used 107995K [0x00000000e0000000, 0x0000000100000000)
  region size 1024K, 24 young (24576K), 3 survivors (3072K)
 Metaspace       used 140867K, capacity 153261K, committed 153496K, reserved 387072K
  class space    used 18106K, capacity 22150K, committed 22220K, reserved 253952K
}
Event: 432.093 GC heap after
{Heap after GC invocations=50 (full 0):
 garbage-first heap   total 129024K, used 86823K [0x00000000e0000000, 0x0000000100000000)
  region size 1024K, 1 young (1024K), 1 survivors (1024K)
 Metaspace       used 140867K, capacity 153261K, committed 153496K, reserved 387072K
  class space    used 18106K, capacity 22150K, committed 22220K, reserved 253952K
}
Event: 492.160 GC heap before
{Heap before GC invocations=50 (full 0):
 garbage-first heap   total 129024K, used 91943K [0x00000000e0000000, 0x0000000100000000)
  region size 1024K, 6 young (6144K), 1 survivors (1024K)
 Metaspace       used 140887K, capacity 153261K, committed 153496K, reserved 387072K
  class space    used 18106K, capacity 22150K, committed 22220K, reserved 253952K
}
Event: 492.176 GC heap after
{Heap after GC invocations=51 (full 0):
 garbage-first heap   total 129024K, used 86123K [0x00000000e0000000, 0x0000000100000000)
  region size 1024K, 1 young (1024K), 1 survivors (1024K)
 Metaspace       used 140887K, capacity 153261K, committed 153496K, reserved 387072K
  class space    used 18106K, capacity 22150K, committed 22220K, reserved 253952K
}

